<?xml version="1.0" encoding="UTF-8"?>
<!-- Generated by org.testng.reporters.JUnitXMLReporter -->
<testsuite ignored="0" hostname="DESKTOP-SKPCD11" failures="0" tests="4" name="Surefire test" time="13.897" errors="0" timestamp="2023-10-01T13:17:06 IST">
  <testcase classname="api.test.UserTests" name="TestpostUser" time="4.693"/>
  <testcase classname="api.test.UserTests" name="TestgetUser" time="1.869"/>
  <testcase classname="api.test.UserTests" name="TestupdateUser" time="4.608"/>
  <testcase classname="api.test.UserTests" name="TestdeleteUser" time="1.999"/>
</testsuite> <!-- Surefire test -->
