<?xml version="1.0" encoding="UTF-8"?>
<!-- Generated by org.testng.reporters.JUnitXMLReporter -->
<testsuite ignored="0" hostname="DESKTOP-SKPCD11" failures="0" tests="10" name="Default test" time="23.981" errors="0" timestamp="2023-09-30T22:05:13 IST">
  <testcase classname="api.test.DDtest" name="Testpostuser" time="4.637"/>
  <testcase classname="api.test.DDtest" name="Testpostuser" time="1.948"/>
  <testcase classname="api.test.DDtest" name="Testpostuser" time="1.94"/>
  <testcase classname="api.test.DDtest" name="Testpostuser" time="2.031"/>
  <testcase classname="api.test.DDtest" name="Testpostuser" time="1.739"/>
  <testcase classname="api.test.DDtest" name="testDeleteUserByName" time="1.873"/>
  <testcase classname="api.test.DDtest" name="testDeleteUserByName" time="1.799"/>
  <testcase classname="api.test.DDtest" name="testDeleteUserByName" time="1.798"/>
  <testcase classname="api.test.DDtest" name="testDeleteUserByName" time="1.982"/>
  <testcase classname="api.test.DDtest" name="testDeleteUserByName" time="2.517"/>
</testsuite> <!-- Default test -->
