<?xml version="1.0" encoding="UTF-8"?>
<testsuite xmlns:xsi="http://www.w3.org/2001/XMLSchema-instance" xsi:noNamespaceSchemaLocation="https://maven.apache.org/surefire/maven-surefire-plugin/xsd/surefire-test-report-3.0.xsd" version="3.0" name="api.test.UserTests" time="14.312" tests="4" errors="0" skipped="0" failures="0">
  <properties>
[...]
</properties>
  <testcase name="TestpostUser" classname="api.test.UserTests" time="4.696">
    <system-out><![CDATA[ERROR StatusConsoleListener Unrecognized format specifier []
ERROR StatusConsoleListener Empty conversion specifier starting at position 20 in conversion pattern.
ERROR StatusConsoleListener Unrecognized format specifier [evel]
ERROR StatusConsoleListener Unrecognized conversion specifier [evel] starting at position 30 in conversion pattern.
HTTP/1.1 200 OK
Date: Sun, 01 Oct 2023 07:46:58 GMT
Content-Type: application/json
Transfer-Encoding: chunked
Connection: keep-alive
Access-Control-Allow-Origin: *
Access-Control-Allow-Methods: GET, POST, DELETE, PUT
Access-Control-Allow-Headers: Content-Type, api_key, Authorization
Server: Jetty(9.2.9.v20150224)

{
    "code": 200,
    "type": "unknown",
    "message": "758348212"
}
]]></system-out>
    <system-err><![CDATA[SLF4J: Failed to load class "org.slf4j.impl.StaticLoggerBinder".
SLF4J: Defaulting to no-operation (NOP) logger implementation
SLF4J: See http://www.slf4j.org/codes.html#StaticLoggerBinder for further details.
]]></system-err>
  </testcase>
  <testcase name="TestgetUser" classname="api.test.UserTests" time="1.871">
    <system-out><![CDATA[HTTP/1.1 200 OK
Date: Sun, 01 Oct 2023 07:47:00 GMT
Content-Type: application/json
Transfer-Encoding: chunked
Connection: keep-alive
Access-Control-Allow-Origin: *
Access-Control-Allow-Methods: GET, POST, DELETE, PUT
Access-Control-Allow-Headers: Content-Type, api_key, Authorization
Server: Jetty(9.2.9.v20150224)

{
    "id": 758348212,
    "username": "herschel.nolan",
    "firstName": "Ariel",
    "lastName": "Vandervort",
    "email": "willard.okeefe@example.com",
    "password": "rnw1gcsz1",
    "phone": "939.010.3217",
    "userStatus": 758348212
}
]]></system-out>
  </testcase>
  <testcase name="TestupdateUser" classname="api.test.UserTests" time="4.606">
    <system-out><![CDATA[HTTP/1.1 200 OK
Date: Sun, 01 Oct 2023 07:47:03 GMT
Content-Type: application/json
Transfer-Encoding: chunked
Connection: keep-alive
Access-Control-Allow-Origin: *
Access-Control-Allow-Methods: GET, POST, DELETE, PUT
Access-Control-Allow-Headers: Content-Type, api_key, Authorization
Server: Jetty(9.2.9.v20150224)

{
    "code": 200,
    "type": "unknown",
    "message": "758348212"
}
HTTP/1.1 200 OK
Date: Sun, 01 Oct 2023 07:47:05 GMT
Content-Type: application/json
Transfer-Encoding: chunked
Connection: keep-alive
Access-Control-Allow-Origin: *
Access-Control-Allow-Methods: GET, POST, DELETE, PUT
Access-Control-Allow-Headers: Content-Type, api_key, Authorization
Server: Jetty(9.2.9.v20150224)

{
    "id": 758348212,
    "username": "herschel.nolan",
    "firstName": "Margaretta",
    "lastName": "Denesik",
    "email": "sherley.batz@example.com",
    "password": "rnw1gcsz1",
    "phone": "939.010.3217",
    "userStatus": 758348212
}
]]></system-out>
  </testcase>
  <testcase name="TestdeleteUser" classname="api.test.UserTests" time="2.001">
    <system-out><![CDATA[HTTP/1.1 200 OK
Date: Sun, 01 Oct 2023 07:47:07 GMT
Content-Type: application/json
Transfer-Encoding: chunked
Connection: keep-alive
Access-Control-Allow-Origin: *
Access-Control-Allow-Methods: GET, POST, DELETE, PUT
Access-Control-Allow-Headers: Content-Type, api_key, Authorization
Server: Jetty(9.2.9.v20150224)

{
    "code": 200,
    "type": "unknown",
    "message": "herschel.nolan"
}
]]></system-out>
  </testcase>
</testsuite>