<?xml version="1.0" encoding="UTF-8"?>
<testng-results ignored="0" total="4" passed="4" failed="0" skipped="0">
  <reporter-output>
  </reporter-output>
  <suite started-at="2023-10-01T15:07:16 IST" name="Petsuite" finished-at="2023-10-01T15:07:38 IST" duration-ms="21924">
    <groups>
    </groups>
    <test started-at="2023-10-01T15:07:16 IST" name="PetTest" finished-at="2023-10-01T15:07:38 IST" duration-ms="21924">
      <class name="api.test.UserTests2">
        <test-method is-config="true" signature="setup()[pri:0, instance:api.test.UserTests2@31368b99]" started-at="2023-10-01T15:07:16 IST" name="setup" finished-at="2023-10-01T15:07:17 IST" duration-ms="556" status="PASS">
          <reporter-output>
          </reporter-output>
        </test-method> <!-- setup -->
        <test-method signature="TestpostUser()[pri:1, instance:api.test.UserTests2@31368b99]" started-at="2023-10-01T15:07:17 IST" name="TestpostUser" finished-at="2023-10-01T15:07:23 IST" duration-ms="6441" status="PASS">
          <reporter-output>
          </reporter-output>
        </test-method> <!-- TestpostUser -->
        <test-method signature="TestgetUser()[pri:2, instance:api.test.UserTests2@31368b99]" started-at="2023-10-01T15:07:23 IST" name="TestgetUser" finished-at="2023-10-01T15:07:27 IST" duration-ms="3510" status="PASS">
          <reporter-output>
          </reporter-output>
        </test-method> <!-- TestgetUser -->
        <test-method signature="TestupdateUser()[pri:3, instance:api.test.UserTests2@31368b99]" started-at="2023-10-01T15:07:27 IST" name="TestupdateUser" finished-at="2023-10-01T15:07:33 IST" duration-ms="6319" status="PASS">
          <reporter-output>
          </reporter-output>
        </test-method> <!-- TestupdateUser -->
        <test-method signature="TestdeleteUser()[pri:4, instance:api.test.UserTests2@31368b99]" started-at="2023-10-01T15:07:33 IST" name="TestdeleteUser" finished-at="2023-10-01T15:07:38 IST" duration-ms="4869" status="PASS">
          <reporter-output>
          </reporter-output>
        </test-method> <!-- TestdeleteUser -->
      </class> <!-- api.test.UserTests2 -->
    </test> <!-- PetTest -->
  </suite> <!-- Petsuite -->
</testng-results>
