<?xml version="1.0" encoding="UTF-8"?>
<testng-results ignored="0" total="4" passed="4" failed="0" skipped="0">
  <reporter-output>
  </reporter-output>
  <suite started-at="2023-10-01T12:43:30 IST" name="Petsuite" finished-at="2023-10-01T12:43:50 IST" duration-ms="20084">
    <groups>
    </groups>
    <test started-at="2023-10-01T12:43:30 IST" name="PetTest" finished-at="2023-10-01T12:43:50 IST" duration-ms="20084">
      <class name="api.test.UserTests2">
        <test-method is-config="true" signature="setup()[pri:0, instance:api.test.UserTests2@25084a1e]" started-at="2023-10-01T12:43:30 IST" name="setup" finished-at="2023-10-01T12:43:31 IST" duration-ms="674" status="PASS">
          <reporter-output>
          </reporter-output>
        </test-method> <!-- setup -->
        <test-method signature="TestpostUser()[pri:1, instance:api.test.UserTests2@25084a1e]" started-at="2023-10-01T12:43:31 IST" name="TestpostUser" finished-at="2023-10-01T12:43:38 IST" duration-ms="6856" status="PASS">
          <reporter-output>
          </reporter-output>
        </test-method> <!-- TestpostUser -->
        <test-method signature="TestgetUser()[pri:2, instance:api.test.UserTests2@25084a1e]" started-at="2023-10-01T12:43:38 IST" name="TestgetUser" finished-at="2023-10-01T12:43:43 IST" duration-ms="4690" status="PASS">
          <reporter-output>
          </reporter-output>
        </test-method> <!-- TestgetUser -->
        <test-method signature="TestupdateUser()[pri:3, instance:api.test.UserTests2@25084a1e]" started-at="2023-10-01T12:43:43 IST" name="TestupdateUser" finished-at="2023-10-01T12:43:48 IST" duration-ms="5541" status="PASS">
          <reporter-output>
          </reporter-output>
        </test-method> <!-- TestupdateUser -->
        <test-method signature="TestdeleteUser()[pri:4, instance:api.test.UserTests2@25084a1e]" started-at="2023-10-01T12:43:48 IST" name="TestdeleteUser" finished-at="2023-10-01T12:43:50 IST" duration-ms="2056" status="PASS">
          <reporter-output>
          </reporter-output>
        </test-method> <!-- TestdeleteUser -->
      </class> <!-- api.test.UserTests2 -->
    </test> <!-- PetTest -->
  </suite> <!-- Petsuite -->
</testng-results>
