<?xml version="1.0" encoding="UTF-8"?>
<!-- Generated by org.testng.reporters.JUnitXMLReporter -->
<testsuite ignored="0" hostname="DESKTOP-SKPCD11" failures="0" tests="4" name="PetTest" time="20.084" errors="0" timestamp="2023-10-01T12:43:50 IST">
  <testcase classname="api.test.UserTests2" name="TestpostUser" time="6.856"/>
  <testcase classname="api.test.UserTests2" name="TestgetUser" time="4.69"/>
  <testcase classname="api.test.UserTests2" name="TestupdateUser" time="5.541"/>
  <testcase classname="api.test.UserTests2" name="TestdeleteUser" time="2.056"/>
</testsuite> <!-- PetTest -->
